Base path: /Applications/Unity/Unity.app/Contents
Pipe name: \\.\pipe\UnityShaderCompiler-64bit-1-2000052224
Cmd: getPlatforms
Cmd: compileSnippet
  api=0 type=0 insize=13030 outsize=6315 kw=UNITY_COLORSPACE_GAMMA _SUNDISK_SIMPLE pd= ok=1
Cmd: compileSnippet
  api=0 type=1 insize=13030 outsize=6 kw=UNITY_COLORSPACE_GAMMA _SUNDISK_SIMPLE pd= ok=1
Cmd: preprocess
  insize=8333 outsize=2044 ok=1
Cmd: compileSnippet
  api=0 type=0 insize=6508 outsize=991 kw= pd= ok=1
Cmd: compileSnippet
  api=0 type=1 insize=6508 outsize=6 kw= pd= ok=1
Cmd: compileSnippet
  api=0 type=0 insize=6503 outsize=1788 kw= pd= ok=1
Cmd: compileSnippet
  api=0 type=1 insize=6503 outsize=6 kw= pd= ok=1
Cmd: compileSnippet
  api=0 type=0 insize=6503 outsize=967 kw= pd= ok=1
Cmd: compileSnippet
  api=0 type=1 insize=6503 outsize=6 kw= pd= ok=1
Cmd: compileSnippet
  api=0 type=0 insize=6503 outsize=967 kw= pd= ok=1
Cmd: compileSnippet
  api=0 type=1 insize=6503 outsize=6 kw= pd= ok=1
Cmd: compileSnippet
  api=0 type=0 insize=6505 outsize=1155 kw= pd= ok=1
Cmd: compileSnippet
  api=0 type=1 insize=6505 outsize=6 kw= pd= ok=1
Cmd: compileSnippet
  api=0 type=0 insize=6505 outsize=681 kw= pd= ok=1
Cmd: compileSnippet
  api=0 type=1 insize=6505 outsize=6 kw= pd= ok=1
Cmd: compileSnippet
  api=0 type=0 insize=6514 outsize=863 kw= pd= ok=1
Cmd: compileSnippet
  api=0 type=1 insize=6514 outsize=6 kw= pd= ok=1
Cmd: compileSnippet
  api=0 type=0 insize=6519 outsize=633 kw= pd= ok=1
Cmd: compileSnippet
  api=0 type=1 insize=6519 outsize=6 kw= pd= ok=1
Cmd: compileSnippet
  api=0 type=0 insize=6512 outsize=427 kw= pd= ok=1
Cmd: compileSnippet
  api=0 type=1 insize=6512 outsize=6 kw= pd= ok=1
Cmd: compileSnippet
  api=0 type=0 insize=6510 outsize=986 kw= pd= ok=1
Cmd: compileSnippet
  api=0 type=1 insize=6510 outsize=6 kw= pd= ok=1
Cmd: compileSnippet
  api=0 type=0 insize=6517 outsize=1044 kw= pd= ok=1
Cmd: compileSnippet
  api=0 type=1 insize=6517 outsize=6 kw= pd= ok=1
Cmd: preprocess
  insize=10964 outsize=662 ok=1
Cmd: compileSnippet
  api=0 type=0 insize=10530 outsize=892 kw= pd= ok=1
Cmd: compileSnippet
  api=0 type=1 insize=10530 outsize=6 kw= pd= ok=1
Cmd: compileSnippet
  api=0 type=0 insize=10552 outsize=6151 kw= pd= ok=1
Cmd: compileSnippet
  api=0 type=1 insize=10552 outsize=6 kw= pd= ok=1
Cmd: compileSnippet
  api=0 type=0 insize=10508 outsize=6145 kw= pd= ok=1
Cmd: compileSnippet
  api=0 type=1 insize=10508 outsize=6 kw= pd= ok=1
Cmd: preprocess
  insize=1063 outsize=406 ok=1
Cmd: compileSnippet
  api=0 type=0 insize=955 outsize=527 kw= pd= ok=1
Cmd: compileSnippet
  api=0 type=1 insize=955 outsize=6 kw= pd= ok=1
Cmd: compileSnippet
  api=0 type=0 insize=954 outsize=527 kw= pd= ok=1
Cmd: compileSnippet
  api=0 type=1 insize=954 outsize=6 kw= pd= ok=1
Cmd: preprocess
  insize=9575 outsize=798 ok=1
Cmd: compileSnippet
  api=0 type=0 insize=8985 outsize=2193 kw= pd= ok=1
Cmd: compileSnippet
  api=0 type=1 insize=8985 outsize=6 kw= pd= ok=1
Cmd: compileSnippet
  api=0 type=0 insize=8989 outsize=2312 kw= pd= ok=1
Cmd: compileSnippet
  api=0 type=1 insize=8989 outsize=6 kw= pd= ok=1
Cmd: compileSnippet
  api=0 type=0 insize=9009 outsize=2714 kw= pd= ok=1
Cmd: compileSnippet
  api=0 type=1 insize=9009 outsize=6 kw= pd= ok=1
Cmd: compileSnippet
  api=0 type=0 insize=9004 outsize=4158 kw= pd= ok=1
Cmd: compileSnippet
  api=0 type=1 insize=9004 outsize=6 kw= pd= ok=1
Cmd: compileSnippet
  api=0 type=0 insize=9008 outsize=1420 kw= pd= ok=1
Cmd: compileSnippet
  api=0 type=1 insize=9008 outsize=6 kw= pd= ok=1
Cmd: preprocess
  insize=928 outsize=289 ok=1
Cmd: compileSnippet
  api=0 type=0 insize=944 outsize=634 kw= pd= ok=1
Cmd: compileSnippet
  api=0 type=1 insize=944 outsize=6 kw= pd= ok=1
Cmd: preprocess
  insize=1097 outsize=289 ok=1
Cmd: compileSnippet
  api=0 type=0 insize=1113 outsize=1087 kw= pd= ok=1
Cmd: compileSnippet
  api=0 type=1 insize=1113 outsize=6 kw= pd= ok=1
Cmd: preprocess
  insize=2413 outsize=753 ok=1
Cmd: compileSnippet
  api=0 type=0 insize=1931 outsize=642 kw= pd= ok=1
Cmd: compileSnippet
  api=0 type=1 insize=1931 outsize=6 kw= pd= ok=1
Cmd: compileSnippet
  api=0 type=0 insize=1928 outsize=592 kw= pd= ok=1
Cmd: compileSnippet
  api=0 type=1 insize=1928 outsize=6 kw= pd= ok=1
Cmd: compileSnippet
  api=0 type=0 insize=1941 outsize=1119 kw= pd= ok=1
Cmd: compileSnippet
  api=0 type=1 insize=1941 outsize=6 kw= pd= ok=1
Cmd: compileSnippet
  api=0 type=0 insize=1940 outsize=519 kw= pd= ok=1
Cmd: compileSnippet
  api=0 type=1 insize=1940 outsize=6 kw= pd= ok=1
Cmd: preprocess
  insize=883 outsize=277 ok=1
Cmd: compileSnippet
  api=0 type=0 insize=911 outsize=504 kw= pd= ok=1
Cmd: compileSnippet
  api=0 type=1 insize=911 outsize=6 kw= pd= ok=1
Cmd: preprocess
  insize=1188 outsize=255 ok=1
Cmd: compileSnippet
  api=0 type=0 insize=1238 outsize=1194 kw= pd= ok=1
Cmd: compileSnippet
  api=0 type=1 insize=1238 outsize=6 kw= pd= ok=1
Cmd: preprocess
  insize=1193 outsize=303 ok=1
Cmd: compileSnippet
  api=0 type=0 insize=1194 outsize=815 kw= pd= ok=1
Cmd: compileSnippet
  api=0 type=1 insize=1194 outsize=6 kw= pd= ok=1
Cmd: preprocess
  insize=902 outsize=252 ok=1
Cmd: compileSnippet
  api=0 type=0 insize=950 outsize=713 kw= pd= ok=1
Cmd: compileSnippet
  api=0 type=1 insize=950 outsize=6 kw= pd= ok=1
Cmd: preprocess
  insize=636 outsize=302 ok=1
Cmd: compileSnippet
  api=0 type=0 insize=634 outsize=611 kw= pd= ok=1
Cmd: compileSnippet
  api=0 type=1 insize=634 outsize=6 kw= pd= ok=1
Cmd: preprocess
  insize=6131 outsize=973 ok=1
Cmd: compileSnippet
  api=0 type=0 insize=5399 outsize=407 kw= pd= ok=1
Cmd: compileSnippet
  api=0 type=1 insize=5399 outsize=6 kw= pd= ok=1
Cmd: compileSnippet
  api=0 type=0 insize=5406 outsize=1135 kw= pd= ok=1
Cmd: compileSnippet
  api=0 type=1 insize=5406 outsize=6 kw= pd= ok=1
Cmd: compileSnippet
  api=0 type=0 insize=5410 outsize=1595 kw= pd= ok=1
Cmd: compileSnippet
  api=0 type=1 insize=5410 outsize=6 kw= pd= ok=1
Cmd: compileSnippet
  api=0 type=0 insize=5411 outsize=1595 kw= pd= ok=1
Cmd: compileSnippet
  api=0 type=1 insize=5411 outsize=6 kw= pd= ok=1
Cmd: compileSnippet
  api=0 type=0 insize=5415 outsize=1713 kw= pd= ok=1
Cmd: compileSnippet
  api=0 type=1 insize=5415 outsize=6 kw= pd= ok=1
Cmd: compileSnippet
  api=0 type=0 insize=5416 outsize=1635 kw= pd= ok=1
Cmd: compileSnippet
  api=0 type=1 insize=5416 outsize=6 kw= pd= ok=1
Cmd: preprocess
  insize=817 outsize=394 ok=1
Cmd: compileSnippet
  api=0 type=0 insize=722 outsize=1431 kw= pd= ok=1
Cmd: compileSnippet
  api=0 type=1 insize=722 outsize=6 kw= pd= ok=1
Cmd: preprocess
  insize=32573 outsize=255 ok=1
Cmd: compileSnippet
  api=0 type=0 insize=32620 outsize=8930 kw= pd= ok=1
Cmd: compileSnippet
  api=0 type=1 insize=32620 outsize=6 kw= pd= ok=1
Cmd: preprocess
  insize=1154 outsize=242 ok=1
Cmd: compileSnippet
  api=0 type=0 insize=1214 outsize=1079 kw= pd= ok=1
Cmd: compileSnippet
  api=0 type=1 insize=1214 outsize=6 kw= pd= ok=1
Cmd: preprocess
  insize=4293 outsize=504 ok=1
Cmd: compileSnippet
  api=0 type=0 insize=3976 outsize=2786 kw= pd= ok=1
Cmd: compileSnippet
  api=0 type=1 insize=3976 outsize=6 kw= pd= ok=1
Cmd: compileSnippet
  api=0 type=0 insize=3977 outsize=2285 kw= pd= ok=1
Cmd: compileSnippet
  api=0 type=1 insize=3977 outsize=6 kw= pd= ok=1
Cmd: compileSnippet
  api=0 type=0 insize=3977 outsize=2409 kw= pd= ok=1
Cmd: compileSnippet
  api=0 type=1 insize=3977 outsize=6 kw= pd= ok=1
Cmd: preprocess
  insize=992 outsize=248 ok=1
Cmd: compileSnippet
  api=0 type=0 insize=1045 outsize=946 kw= pd= ok=1
Cmd: compileSnippet
  api=0 type=1 insize=1045 outsize=6 kw= pd= ok=1
Cmd: preprocess
  insize=4770 outsize=1779 ok=1
Cmd: compileSnippet
  api=0 type=0 insize=3198 outsize=624 kw= pd= ok=1
Cmd: compileSnippet
  api=0 type=1 insize=3198 outsize=6 kw= pd= ok=1
Cmd: compileSnippet
  api=0 type=0 insize=3195 outsize=592 kw= pd= ok=1
Cmd: compileSnippet
  api=0 type=1 insize=3195 outsize=6 kw= pd= ok=1
Cmd: compileSnippet
  api=0 type=0 insize=3211 outsize=1166 kw= pd= ok=1
Cmd: compileSnippet
  api=0 type=1 insize=3211 outsize=6 kw= pd= ok=1
Cmd: compileSnippet
  api=0 type=0 insize=3203 outsize=519 kw= pd= ok=1
Cmd: compileSnippet
  api=0 type=1 insize=3203 outsize=6 kw= pd= ok=1
Cmd: compileSnippet
  api=0 type=0 insize=3203 outsize=624 kw= pd= ok=1
Cmd: compileSnippet
  api=0 type=1 insize=3203 outsize=6 kw= pd= ok=1
Cmd: compileSnippet
  api=0 type=0 insize=3200 outsize=592 kw= pd= ok=1
Cmd: compileSnippet
  api=0 type=1 insize=3200 outsize=6 kw= pd= ok=1
Cmd: compileSnippet
  api=0 type=0 insize=3212 outsize=1217 kw= pd= ok=1
Cmd: compileSnippet
  api=0 type=1 insize=3212 outsize=6 kw= pd= ok=1
Cmd: compileSnippet
  api=0 type=0 insize=3205 outsize=533 kw= pd= ok=1
Cmd: compileSnippet
  api=0 type=1 insize=3205 outsize=6 kw= pd= ok=1
Cmd: compileSnippet
  api=0 type=0 insize=3197 outsize=376 kw= pd= ok=1
Cmd: compileSnippet
  api=0 type=1 insize=3197 outsize=6 kw= pd= ok=1
Cmd: compileSnippet
  api=0 type=0 insize=3201 outsize=484 kw= pd= ok=1
Cmd: compileSnippet
  api=0 type=1 insize=3201 outsize=6 kw= pd= ok=1
Cmd: compileSnippet
  api=0 type=0 insize=3196 outsize=443 kw= pd= ok=1
Cmd: compileSnippet
  api=0 type=1 insize=3196 outsize=6 kw= pd= ok=1
Cmd: preprocess
  insize=12787 outsize=1859 ok=1
Cmd: compileSnippet
  api=0 type=0 insize=11105 outsize=1199 kw= pd= ok=1
Cmd: compileSnippet
  api=0 type=1 insize=11105 outsize=6 kw= pd= ok=1
Cmd: compileSnippet
  api=0 type=0 insize=11096 outsize=572 kw= pd= ok=1
Cmd: compileSnippet
  api=0 type=1 insize=11096 outsize=6 kw= pd= ok=1
Cmd: compileSnippet
  api=0 type=0 insize=11098 outsize=1636 kw= pd= ok=1
Cmd: compileSnippet
  api=0 type=1 insize=11098 outsize=6 kw= pd= ok=1
Cmd: compileSnippet
  api=0 type=0 insize=11103 outsize=3632 kw= pd= ok=1
Cmd: compileSnippet
  api=0 type=1 insize=11103 outsize=6 kw= pd= ok=1
Cmd: compileSnippet
  api=0 type=0 insize=11113 outsize=3284 kw= pd= ok=1
Cmd: compileSnippet
  api=0 type=1 insize=11113 outsize=6 kw= pd= ok=1
Cmd: compileSnippet
  api=0 type=0 insize=11100 outsize=658 kw= pd= ok=1
Cmd: compileSnippet
  api=0 type=1 insize=11100 outsize=6 kw= pd= ok=1
Cmd: compileSnippet
  api=0 type=0 insize=11106 outsize=1838 kw= pd= ok=1
Cmd: compileSnippet
  api=0 type=1 insize=11106 outsize=6 kw= pd= ok=1
Cmd: compileSnippet
  api=0 type=0 insize=11112 outsize=4115 kw= pd= ok=1
Cmd: compileSnippet
  api=0 type=1 insize=11112 outsize=6 kw= pd= ok=1
Cmd: preprocess
  insize=6023 outsize=731 ok=1
Cmd: preprocess
  insize=2677 outsize=761 ok=1
Cmd: compileSnippet
  api=0 type=0 insize=2189 outsize=711 kw= pd= ok=1
Cmd: compileSnippet
  api=0 type=1 insize=2189 outsize=6 kw= pd= ok=1
Cmd: compileSnippet
  api=0 type=0 insize=2189 outsize=743 kw= pd= ok=1
Cmd: compileSnippet
  api=0 type=1 insize=2189 outsize=6 kw= pd= ok=1
Cmd: compileSnippet
  api=0 type=0 insize=2193 outsize=711 kw= pd= ok=1
Cmd: compileSnippet
  api=0 type=1 insize=2193 outsize=6 kw= pd= ok=1
Cmd: compileSnippet
  api=0 type=0 insize=2192 outsize=1207 kw= pd= ok=1
Cmd: compileSnippet
  api=0 type=1 insize=2192 outsize=6 kw= pd= ok=1
Cmd: compileSnippet
  api=0 type=0 insize=2195 outsize=728 kw= pd= ok=1
Cmd: compileSnippet
  api=0 type=1 insize=2195 outsize=6 kw= pd= ok=1
Cmd: preprocess
  insize=1909 outsize=438 ok=1
Cmd: compileSnippet
  api=0 type=0 insize=1746 outsize=1032 kw= pd= ok=1
Cmd: compileSnippet
  api=0 type=1 insize=1746 outsize=6 kw= pd= ok=1
Cmd: compileSnippet
  api=0 type=0 insize=1759 outsize=1157 kw= pd= ok=1
Cmd: compileSnippet
  api=0 type=1 insize=1759 outsize=6 kw= pd= ok=1
Cmd: preprocess
  insize=1530 outsize=277 ok=1
Cmd: compileSnippet
  api=0 type=0 insize=1558 outsize=1545 kw= pd= ok=1
Cmd: compileSnippet
  api=0 type=1 insize=1558 outsize=6 kw= pd= ok=1
Cmd: preprocess
  insize=3938 outsize=531 ok=1
Cmd: compileSnippet
  api=0 type=0 insize=3713 outsize=2083 kw= pd= ok=1
Cmd: compileSnippet
  api=0 type=1 insize=3713 outsize=6 kw= pd= ok=1
Cmd: compileSnippet
  api=0 type=0 insize=3725 outsize=1255 kw= pd= ok=1
Cmd: compileSnippet
  api=0 type=1 insize=3725 outsize=6 kw= pd= ok=1
Cmd: compileSnippet
  api=0 type=0 insize=3716 outsize=1758 kw= pd= ok=1
Cmd: compileSnippet
  api=0 type=1 insize=3716 outsize=6 kw= pd= ok=1
Cmd: preprocess
  insize=1675 outsize=280 ok=1
Cmd: compileSnippet
  api=0 type=0 insize=1697 outsize=2683 kw= pd= ok=1
Cmd: compileSnippet
  api=0 type=1 insize=1697 outsize=6 kw= pd= ok=1
Cmd: preprocess
  insize=1082 outsize=404 ok=1
Cmd: compileSnippet
  api=0 type=0 insize=951 outsize=560 kw= pd= ok=1
Cmd: compileSnippet
  api=0 type=1 insize=951 outsize=6 kw= pd= ok=1
Cmd: compileSnippet
  api=0 type=0 insize=957 outsize=620 kw= pd= ok=1
Cmd: compileSnippet
  api=0 type=1 insize=957 outsize=6 kw= pd= ok=1
Cmd: preprocess
  insize=673 outsize=248 ok=1
Cmd: compileSnippet
  api=0 type=0 insize=724 outsize=564 kw= pd= ok=1
Cmd: compileSnippet
  api=0 type=1 insize=724 outsize=6 kw= pd= ok=1
Cmd: preprocess
  insize=5171 outsize=737 ok=1
Cmd: compileSnippet
  api=0 type=0 insize=4605 outsize=633 kw= pd= ok=1
Cmd: compileSnippet
  api=0 type=1 insize=4605 outsize=6 kw= pd= ok=1
Cmd: compileSnippet
  api=0 type=0 insize=4609 outsize=1613 kw= pd= ok=1
Cmd: compileSnippet
  api=0 type=1 insize=4609 outsize=6 kw= pd= ok=1
Cmd: compileSnippet
  api=0 type=0 insize=4619 outsize=2285 kw= pd= ok=1
Cmd: compileSnippet
  api=0 type=1 insize=4619 outsize=6 kw= pd= ok=1
Cmd: compileSnippet
  api=0 type=0 insize=4614 outsize=2011 kw= pd= ok=1
Cmd: compileSnippet
  api=0 type=1 insize=4614 outsize=6 kw= pd= ok=1
Cmd: compileSnippet
  api=0 type=0 insize=4620 outsize=1547 kw= pd= ok=1
Cmd: compileSnippet
  api=0 type=1 insize=4620 outsize=6 kw= pd= ok=1
Cmd: preprocess
  insize=32583 outsize=255 ok=1
Cmd: compileSnippet
  api=0 type=0 insize=32630 outsize=8838 kw= pd= ok=1
Cmd: compileSnippet
  api=0 type=1 insize=32630 outsize=6 kw= pd= ok=1
Cmd: preprocess
  insize=5175 outsize=1721 ok=1
Cmd: compileSnippet
  api=0 type=0 insize=3758 outsize=4926 kw= pd= ok=1
Cmd: compileSnippet
  api=0 type=1 insize=3758 outsize=6 kw= pd= ok=1
Cmd: preprocess
  insize=6737 outsize=236 ok=1
Cmd: compileSnippet
  api=0 type=0 insize=6803 outsize=3141 kw= pd= ok=1
Cmd: compileSnippet
  api=0 type=1 insize=6803 outsize=6 kw= pd= ok=1
Cmd: preprocess
  insize=4268 outsize=418 ok=1
Cmd: compileSnippet
  api=0 type=0 insize=4125 outsize=4682 kw= pd= ok=1
Cmd: compileSnippet
  api=0 type=1 insize=4125 outsize=6 kw= pd= ok=1
Cmd: compileSnippet
  api=0 type=0 insize=4130 outsize=4113 kw= pd= ok=1
Cmd: compileSnippet
  api=0 type=1 insize=4130 outsize=6 kw= pd= ok=1
Cmd: preprocess
  insize=656 outsize=299 ok=1
Cmd: compileSnippet
  api=0 type=0 insize=657 outsize=862 kw= pd= ok=1
Cmd: compileSnippet
  api=0 type=1 insize=657 outsize=6 kw= pd= ok=1
Cmd: preprocess
  insize=3696 outsize=630 ok=1
Cmd: compileSnippet
  api=0 type=0 insize=3278 outsize=510 kw= pd= ok=1
Cmd: compileSnippet
  api=0 type=1 insize=3278 outsize=6 kw= pd= ok=1
Cmd: compileSnippet
  api=0 type=0 insize=3285 outsize=1602 kw= pd= ok=1
Cmd: compileSnippet
  api=0 type=1 insize=3285 outsize=6 kw= pd= ok=1
Cmd: compileSnippet
  api=0 type=0 insize=3294 outsize=1905 kw= pd= ok=1
Cmd: compileSnippet
  api=0 type=1 insize=3294 outsize=6 kw= pd= ok=1
Cmd: compileSnippet
  api=0 type=0 insize=3289 outsize=2006 kw= pd= ok=1
Cmd: compileSnippet
  api=0 type=1 insize=3289 outsize=6 kw= pd= ok=1
Cmd: preprocess
  insize=799 outsize=276 ok=1
Cmd: compileSnippet
  api=0 type=0 insize=828 outsize=564 kw= pd= ok=1
Cmd: compileSnippet
  api=0 type=1 insize=828 outsize=6 kw= pd= ok=1
Cmd: preprocess
  insize=5095 outsize=700 ok=1
Cmd: preprocess
  insize=1139 outsize=364 ok=1
Cmd: compileSnippet
  api=0 type=0 insize=1080 outsize=1126 kw= pd= ok=1
Cmd: compileSnippet
  api=0 type=1 insize=1080 outsize=6 kw= pd= ok=1
Cmd: preprocess
  insize=512 outsize=241 ok=1
Cmd: compileSnippet
  api=0 type=0 insize=573 outsize=208 kw= pd= ok=1
Cmd: compileSnippet
  api=0 type=1 insize=573 outsize=6 kw= pd= ok=1
Cmd: preprocess
  insize=650 outsize=290 ok=1
Cmd: compileSnippet
  api=0 type=0 insize=665 outsize=384 kw= pd= ok=1
Cmd: compileSnippet
  api=0 type=1 insize=665 outsize=6 kw= pd= ok=1
Cmd: preprocess
  insize=5006 outsize=866 ok=1
Cmd: compileSnippet
  api=0 type=0 insize=4390 outsize=1036 kw= pd= ok=1
Cmd: compileSnippet
  api=0 type=1 insize=4390 outsize=6 kw= pd= ok=1
Cmd: compileSnippet
  api=0 type=0 insize=4394 outsize=1595 kw= pd= ok=1
Cmd: compileSnippet
  api=0 type=1 insize=4394 outsize=6 kw= pd= ok=1
Cmd: compileSnippet
  api=0 type=0 insize=4395 outsize=1595 kw= pd= ok=1
Cmd: compileSnippet
  api=0 type=1 insize=4395 outsize=6 kw= pd= ok=1
Cmd: compileSnippet
  api=0 type=0 insize=4399 outsize=1713 kw= pd= ok=1
Cmd: compileSnippet
  api=0 type=1 insize=4399 outsize=6 kw= pd= ok=1
Cmd: compileSnippet
  api=0 type=0 insize=4400 outsize=1635 kw= pd= ok=1
Cmd: compileSnippet
  api=0 type=1 insize=4400 outsize=6 kw= pd= ok=1
Cmd: compileSnippet
  api=0 type=0 insize=751 outsize=1893 kw=SHADOWS_DEPTH pd= ok=1
Cmd: compileSnippet
  api=0 type=1 insize=751 outsize=6 kw=SHADOWS_DEPTH pd= ok=1
Cmd: compileSnippet
  api=0 type=0 insize=982 outsize=10119 kw=DIRECTIONAL SHADOWS_OFF LIGHTMAP_OFF DIRLIGHTMAP_OFF DYNAMICLIGHTMAP_OFF pd= ok=1
Cmd: compileSnippet
  api=0 type=1 insize=982 outsize=6 kw=DIRECTIONAL SHADOWS_OFF LIGHTMAP_OFF DIRLIGHTMAP_OFF DYNAMICLIGHTMAP_OFF pd= ok=1
Cmd: compileSnippet
  api=0 type=0 insize=938 outsize=5777 kw=DIRECTIONAL SHADOWS_OFF pd= ok=1
Cmd: compileSnippet
  api=0 type=1 insize=938 outsize=6 kw=DIRECTIONAL SHADOWS_OFF pd= ok=1
